
HEAD-TO-HEAD: compact modeling (held-out, 3 equal seeds)
                      dataset               method     corr    nrmse  nrmse_std  n_params
             real GO-PDADMAC4                  MLP 0.991131 0.043169   0.002269      8577
             real GO-PDADMAC4                PIKAN 0.989424 0.045583   0.004523       540
             real GO-PDADMAC4 Psi-Vortex (teacher) 0.993004 0.040572   0.002006     63329
             real GO-PDADMAC4                SINDy 0.990038 0.042557   0.000000         3
                 real GO-PEI3                  MLP 0.999953 0.003140   0.000025      8577
                 real GO-PEI3                PIKAN 0.999728 0.006579   0.001259       540
                 real GO-PEI3 Psi-Vortex (teacher) 0.999951 0.003193   0.000174     63329
                 real GO-PEI3                SINDy 0.999399 0.010101   0.000000         1
                 real GO-PEI4                  MLP 0.994837 0.032181   0.002048      8577
                 real GO-PEI4                PIKAN 0.993065 0.036887   0.003182       540
                 real GO-PEI4 Psi-Vortex (teacher) 0.994790 0.032515   0.002277     63329
                 real GO-PEI4                SINDy 0.992722 0.041774   0.000000         2
synthetic (printed memristor)                  MLP 0.943560 0.078216   0.000814      8577
synthetic (printed memristor)                PIKAN 0.973910 0.053048   0.009254       540
synthetic (printed memristor) Psi-Vortex (teacher) 0.953224 0.071970   0.000837     63329
synthetic (printed memristor)                SINDy 0.937325 0.082292   0.000000         3

SINDy model (real GO-PEI4): I = +0.487*V^1 t^0 +0.051*V^2 t^0
Saved: r2_compact_baselines.csv / _summary.csv / .tex / .png
