Detection regime (alpha=0.08) | EPOCHS=250 M=5 stride=8 seeds=[0, 1]
Applying Psi-Vortex Physics-Aware Initialization (PDE: thermal)
  Initialization complete: eps=0.01, sigma=0.01, scale=0.1
Applying Psi-Vortex Physics-Aware Initialization (PDE: thermal)
  Initialization complete: eps=0.01, sigma=0.01, scale=0.1
  N= 1000 (n_train=  83)  noise= 0%  err=   6.7%  R2=0.84  IDENTIFIABLE
Applying Psi-Vortex Physics-Aware Initialization (PDE: thermal)
  Initialization complete: eps=0.01, sigma=0.01, scale=0.1
Applying Psi-Vortex Physics-Aware Initialization (PDE: thermal)
  Initialization complete: eps=0.01, sigma=0.01, scale=0.1
  N= 1000 (n_train=  83)  noise= 2%  err=   4.1%  R2=0.84  IDENTIFIABLE
Applying Psi-Vortex Physics-Aware Initialization (PDE: thermal)
  Initialization complete: eps=0.01, sigma=0.01, scale=0.1
Applying Psi-Vortex Physics-Aware Initialization (PDE: thermal)
  Initialization complete: eps=0.01, sigma=0.01, scale=0.1
  N= 1000 (n_train=  83)  noise= 5%  err=   2.0%  R2=0.91  IDENTIFIABLE
Applying Psi-Vortex Physics-Aware Initialization (PDE: thermal)
  Initialization complete: eps=0.01, sigma=0.01, scale=0.1
Applying Psi-Vortex Physics-Aware Initialization (PDE: thermal)
  Initialization complete: eps=0.01, sigma=0.01, scale=0.1
  N= 1000 (n_train=  83)  noise=10%  err=   2.5%  R2=0.90  IDENTIFIABLE
Applying Psi-Vortex Physics-Aware Initialization (PDE: thermal)
  Initialization complete: eps=0.01, sigma=0.01, scale=0.1
Applying Psi-Vortex Physics-Aware Initialization (PDE: thermal)
  Initialization complete: eps=0.01, sigma=0.01, scale=0.1
  N= 2000 (n_train= 166)  noise= 0%  err=  20.3%  R2=0.86  IDENTIFIABLE
Applying Psi-Vortex Physics-Aware Initialization (PDE: thermal)
  Initialization complete: eps=0.01, sigma=0.01, scale=0.1
Applying Psi-Vortex Physics-Aware Initialization (PDE: thermal)
  Initialization complete: eps=0.01, sigma=0.01, scale=0.1
  N= 2000 (n_train= 166)  noise= 2%  err=  18.9%  R2=0.85  IDENTIFIABLE
Applying Psi-Vortex Physics-Aware Initialization (PDE: thermal)
  Initialization complete: eps=0.01, sigma=0.01, scale=0.1
Applying Psi-Vortex Physics-Aware Initialization (PDE: thermal)
  Initialization complete: eps=0.01, sigma=0.01, scale=0.1
  N= 2000 (n_train= 166)  noise= 5%  err=  10.1%  R2=0.91  IDENTIFIABLE
Applying Psi-Vortex Physics-Aware Initialization (PDE: thermal)
  Initialization complete: eps=0.01, sigma=0.01, scale=0.1
Applying Psi-Vortex Physics-Aware Initialization (PDE: thermal)
  Initialization complete: eps=0.01, sigma=0.01, scale=0.1
  N= 2000 (n_train= 166)  noise=10%  err=  16.8%  R2=0.89  IDENTIFIABLE
Applying Psi-Vortex Physics-Aware Initialization (PDE: thermal)
  Initialization complete: eps=0.01, sigma=0.01, scale=0.1
Applying Psi-Vortex Physics-Aware Initialization (PDE: thermal)
  Initialization complete: eps=0.01, sigma=0.01, scale=0.1
  N= 4000 (n_train= 333)  noise= 0%  err=   8.6%  R2=0.94  IDENTIFIABLE
Applying Psi-Vortex Physics-Aware Initialization (PDE: thermal)
  Initialization complete: eps=0.01, sigma=0.01, scale=0.1
Applying Psi-Vortex Physics-Aware Initialization (PDE: thermal)
  Initialization complete: eps=0.01, sigma=0.01, scale=0.1
  N= 4000 (n_train= 333)  noise= 2%  err=   9.2%  R2=0.94  IDENTIFIABLE
Applying Psi-Vortex Physics-Aware Initialization (PDE: thermal)
  Initialization complete: eps=0.01, sigma=0.01, scale=0.1
Applying Psi-Vortex Physics-Aware Initialization (PDE: thermal)
  Initialization complete: eps=0.01, sigma=0.01, scale=0.1
  N= 4000 (n_train= 333)  noise= 5%  err=   8.9%  R2=0.96  IDENTIFIABLE
Applying Psi-Vortex Physics-Aware Initialization (PDE: thermal)
  Initialization complete: eps=0.01, sigma=0.01, scale=0.1
Applying Psi-Vortex Physics-Aware Initialization (PDE: thermal)
  Initialization complete: eps=0.01, sigma=0.01, scale=0.1
  N= 4000 (n_train= 333)  noise=10%  err=  12.3%  R2=0.93  IDENTIFIABLE
Applying Psi-Vortex Physics-Aware Initialization (PDE: thermal)
  Initialization complete: eps=0.01, sigma=0.01, scale=0.1
Applying Psi-Vortex Physics-Aware Initialization (PDE: thermal)
  Initialization complete: eps=0.01, sigma=0.01, scale=0.1
  N= 8000 (n_train= 667)  noise= 0%  err=   7.2%  R2=0.97  IDENTIFIABLE
Applying Psi-Vortex Physics-Aware Initialization (PDE: thermal)
  Initialization complete: eps=0.01, sigma=0.01, scale=0.1
Applying Psi-Vortex Physics-Aware Initialization (PDE: thermal)
  Initialization complete: eps=0.01, sigma=0.01, scale=0.1
  N= 8000 (n_train= 667)  noise= 2%  err=  32.7%  R2=0.79  not
Applying Psi-Vortex Physics-Aware Initialization (PDE: thermal)
  Initialization complete: eps=0.01, sigma=0.01, scale=0.1
Applying Psi-Vortex Physics-Aware Initialization (PDE: thermal)
  Initialization complete: eps=0.01, sigma=0.01, scale=0.1
  N= 8000 (n_train= 667)  noise= 5%  err=  45.1%  R2=0.63  not
Applying Psi-Vortex Physics-Aware Initialization (PDE: thermal)
  Initialization complete: eps=0.01, sigma=0.01, scale=0.1
Applying Psi-Vortex Physics-Aware Initialization (PDE: thermal)
  Initialization complete: eps=0.01, sigma=0.01, scale=0.1
  N= 8000 (n_train= 667)  noise=10%  err=   7.7%  R2=0.97  IDENTIFIABLE

Empirical boundary: identifiable for n_train >= 83 across noise up to 10%
Saved: r7_detection_regime.csv / .tex / .png
