Multi-layer recovery | couplings=[0.12, 0.08, 0.05] EPOCHS=350 M=5 seeds=[0, 1, 2]
Applying Psi-Vortex Physics-Aware Initialization (PDE: thermal)
  Initialization complete: eps=0.01, sigma=0.01, scale=0.1
Applying Psi-Vortex Physics-Aware Initialization (PDE: thermal)
  Initialization complete: eps=0.01, sigma=0.01, scale=0.1
Applying Psi-Vortex Physics-Aware Initialization (PDE: thermal)
  Initialization complete: eps=0.01, sigma=0.01, scale=0.1
  victim 1 (alpha_true=0.120): recovered 0.1314+/-0.0004  R2=0.97  err=9.5%
Applying Psi-Vortex Physics-Aware Initialization (PDE: thermal)
  Initialization complete: eps=0.01, sigma=0.01, scale=0.1
Applying Psi-Vortex Physics-Aware Initialization (PDE: thermal)
  Initialization complete: eps=0.01, sigma=0.01, scale=0.1
Applying Psi-Vortex Physics-Aware Initialization (PDE: thermal)
  Initialization complete: eps=0.01, sigma=0.01, scale=0.1
  victim 2 (alpha_true=0.080): recovered 0.0878+/-0.0004  R2=0.98  err=9.7%
Applying Psi-Vortex Physics-Aware Initialization (PDE: thermal)
  Initialization complete: eps=0.01, sigma=0.01, scale=0.1
Applying Psi-Vortex Physics-Aware Initialization (PDE: thermal)
  Initialization complete: eps=0.01, sigma=0.01, scale=0.1
Applying Psi-Vortex Physics-Aware Initialization (PDE: thermal)
  Initialization complete: eps=0.01, sigma=0.01, scale=0.1
  victim 3 (alpha_true=0.050): recovered 0.0552+/-0.0003  R2=0.97  err=10.5%
Saved: r8_multilayer.csv / .tex / .png
