Stage 2 latent recovery | EPOCHS=350 M=5 STRIDE=8 alphas=[0.05, 0.08, 0.1, 0.15, 0.2] seeds=[0, 1, 2]
  a=0.05 SINDy        rec=0.0009  R2=0.00
  a=0.05 Psi-Vortex s0 rec=0.0548  R2=0.97
  a=0.05 MLP        s0 rec=0.0009  R2=0.00
  a=0.05 Psi-Vortex s1 rec=0.0553  R2=0.97
  a=0.05 MLP        s1 rec=0.0009  R2=0.00
  a=0.05 Psi-Vortex s2 rec=0.0555  R2=0.98
  a=0.05 MLP        s2 rec=0.0009  R2=0.00
  a=0.08 SINDy        rec=0.0014  R2=0.00
  a=0.08 Psi-Vortex s0 rec=0.0876  R2=0.99
  a=0.08 MLP        s0 rec=0.0015  R2=0.00
  a=0.08 Psi-Vortex s1 rec=0.0873  R2=0.98
  a=0.08 MLP        s1 rec=0.0015  R2=0.00
  a=0.08 Psi-Vortex s2 rec=0.0884  R2=0.97
  a=0.08 MLP        s2 rec=0.0015  R2=0.00
  a=0.10 SINDy        rec=0.0018  R2=0.00
  a=0.10 Psi-Vortex s0 rec=0.1093  R2=0.98
  a=0.10 MLP        s0 rec=0.0018  R2=0.00
  a=0.10 Psi-Vortex s1 rec=0.1097  R2=0.97
  a=0.10 MLP        s1 rec=0.0018  R2=0.00
  a=0.10 Psi-Vortex s2 rec=0.1088  R2=0.97
  a=0.10 MLP        s2 rec=0.0018  R2=0.00
  a=0.15 SINDy        rec=0.0027  R2=0.00
  a=0.15 Psi-Vortex s0 rec=0.1648  R2=0.97
  a=0.15 MLP        s0 rec=0.0025  R2=0.00
  a=0.15 Psi-Vortex s1 rec=0.1637  R2=0.97
  a=0.15 MLP        s1 rec=0.0025  R2=0.00
  a=0.15 Psi-Vortex s2 rec=0.1712  R2=0.99
  a=0.15 MLP        s2 rec=0.0025  R2=0.00
  a=0.20 SINDy        rec=0.0036  R2=0.00
  a=0.20 Psi-Vortex s0 rec=0.2196  R2=0.97
  a=0.20 MLP        s0 rec=0.0032  R2=0.00
  a=0.20 Psi-Vortex s1 rec=0.2133  R2=0.99
  a=0.20 MLP        s1 rec=0.0032  R2=0.00
  a=0.20 Psi-Vortex s2 rec=0.2163  R2=0.97
  a=0.20 MLP        s2 rec=0.0032  R2=0.00

SUMMARY (mean over seeds)
    method  alpha_gt  alpha_rec   err_pct       r2  recov_rate
       MLP      0.05   0.000931 98.138158 0.004934         0.0
       MLP      0.08   0.001470 98.162096 0.004934         0.0
       MLP      0.10   0.001773 98.227484 0.004934         0.0
       MLP      0.15   0.002510 98.326893 0.004934         0.0
       MLP      0.20   0.003223 98.388449 0.004934         0.0
Psi-Vortex      0.05   0.055230 10.460558 0.974051         1.0
Psi-Vortex      0.08   0.087758  9.698092 0.979557         1.0
Psi-Vortex      0.10   0.109236  9.235545 0.974378         1.0
Psi-Vortex      0.15   0.166569 11.046318 0.977967         1.0
Psi-Vortex      0.20   0.216400  8.200039 0.976762         1.0
     SINDy      0.05   0.000893 98.214482 0.004934         0.0
     SINDy      0.08   0.001428 98.214482 0.004934         0.0
     SINDy      0.10   0.001786 98.214482 0.004934         0.0
     SINDy      0.15   0.002678 98.214482 0.004934         0.0
     SINDy      0.20   0.003571 98.214482 0.004934         0.0

Saved: r3_latent_recovery.csv / .tex / .png
